Determining if the pthread_create exist failed with the following output:
Change Dir: /home/cranfield/GazeboRacer_ws/build/CMakeFiles/CMakeTmp

Run Build Command:"/usr/bin/make" "cmTC_43f36/fast"
/usr/bin/make -f CMakeFiles/cmTC_43f36.dir/build.make CMakeFiles/cmTC_43f36.dir/build
make[1]: Entering directory '/home/cranfield/GazeboRacer_ws/build/CMakeFiles/CMakeTmp'
Building C object CMakeFiles/cmTC_43f36.dir/CheckSymbolExists.c.o
/usr/bin/cc    -o CMakeFiles/cmTC_43f36.dir/CheckSymbolExists.c.o   -c /home/cranfield/GazeboRacer_ws/build/CMakeFiles/CMakeTmp/CheckSymbolExists.c
Linking C executable cmTC_43f36
/usr/bin/cmake -E cmake_link_script CMakeFiles/cmTC_43f36.dir/link.txt --verbose=1
/usr/bin/cc      -rdynamic CMakeFiles/cmTC_43f36.dir/CheckSymbolExists.c.o  -o cmTC_43f36 
CMakeFiles/cmTC_43f36.dir/CheckSymbolExists.c.o: In function `main':
CheckSymbolExists.c:(.text+0x14): undefined reference to `pthread_create'
CheckSymbolExists.c:(.text+0x18): undefined reference to `pthread_create'
collect2: error: ld returned 1 exit status
CMakeFiles/cmTC_43f36.dir/build.make:97: recipe for target 'cmTC_43f36' failed
make[1]: *** [cmTC_43f36] Error 1
make[1]: Leaving directory '/home/cranfield/GazeboRacer_ws/build/CMakeFiles/CMakeTmp'
Makefile:126: recipe for target 'cmTC_43f36/fast' failed
make: *** [cmTC_43f36/fast] Error 2

File /home/cranfield/GazeboRacer_ws/build/CMakeFiles/CMakeTmp/CheckSymbolExists.c:
/* */
#include <pthread.h>

int main(int argc, char** argv)
{
  (void)argv;
#ifndef pthread_create
  return ((int*)(&pthread_create))[argc];
#else
  (void)argc;
  return 0;
#endif
}

Determining if the function pthread_create exists in the pthreads failed with the following output:
Change Dir: /home/cranfield/GazeboRacer_ws/build/CMakeFiles/CMakeTmp

Run Build Command:"/usr/bin/make" "cmTC_4c723/fast"
/usr/bin/make -f CMakeFiles/cmTC_4c723.dir/build.make CMakeFiles/cmTC_4c723.dir/build
make[1]: Entering directory '/home/cranfield/GazeboRacer_ws/build/CMakeFiles/CMakeTmp'
Building C object CMakeFiles/cmTC_4c723.dir/CheckFunctionExists.c.o
/usr/bin/cc   -DCHECK_FUNCTION_EXISTS=pthread_create   -o CMakeFiles/cmTC_4c723.dir/CheckFunctionExists.c.o   -c /usr/share/cmake-3.10/Modules/CheckFunctionExists.c
Linking C executable cmTC_4c723
/usr/bin/cmake -E cmake_link_script CMakeFiles/cmTC_4c723.dir/link.txt --verbose=1
/usr/bin/cc  -DCHECK_FUNCTION_EXISTS=pthread_create    -rdynamic CMakeFiles/cmTC_4c723.dir/CheckFunctionExists.c.o  -o cmTC_4c723 -lpthreads 
/usr/bin/ld: cannot find -lpthreads
collect2: error: ld returned 1 exit status
CMakeFiles/cmTC_4c723.dir/build.make:97: recipe for target 'cmTC_4c723' failed
make[1]: *** [cmTC_4c723] Error 1
make[1]: Leaving directory '/home/cranfield/GazeboRacer_ws/build/CMakeFiles/CMakeTmp'
Makefile:126: recipe for target 'cmTC_4c723/fast' failed
make: *** [cmTC_4c723/fast] Error 2


